================================================================================
                                 setup (Debug)
================================================================================

================================================================================
                             setup (RelWithDebInfo)
================================================================================
[Pipeline] }
[Pipeline] // withEnv
[Pipeline] }
[Pipeline] // stage
[Pipeline] }
[Pipeline] // timestamps
[Pipeline] }
[Pipeline] // timeout
[Pipeline] timeout
Timeout set to expire in 6 hr 0 min
[Pipeline] {
[Pipeline] timestamps
[Pipeline] {
[Pipeline] stage
[Pipeline] { (Clean)
[Pipeline] withEnv
[Pipeline] {
[Pipeline] sh
[Pipeline] }
[Pipeline] // withEnv
[Pipeline] }
[Pipeline] // stage
[Pipeline] }
[Pipeline] // timestamps
[Pipeline] }
[Pipeline] // timeout
[Pipeline] emailextrecipients
[Pipeline] isUnix
[Pipeline] echo
Sending notification via SendGrid.
Sending email to william.smith@autodesk.com
[Pipeline] withCredentials
[Pipeline] {
[Pipeline] sh
[Pipeline] }
[Pipeline] // withCredentials
[Pipeline] }
[Pipeline] // node
[Pipeline] End of Pipeline
java.io.IOException: remote file operation failed: /local/S/jenkins/workspace/ecg-mayausd-branch-preflight-osx at hudson.remoting.Channel@3841674:MayaUSD-osx-2: hudson.remoting.ChannelClosedException: channel is already closed
	at hudson.FilePath.act(FilePath.java:992)
	at hudson.FilePath.act(FilePath.java:974)
	at hudson.FilePath.mkdirs(FilePath.java:1157)
	at org.jenkinsci.plugins.durabletask.FileMonitoringTask$FileMonitoringController.<init>(FileMonitoringTask.java:112)
	at org.jenkinsci.plugins.durabletask.BourneShellScript$ShellController.<init>(BourneShellScript.java:167)
	at org.jenkinsci.plugins.durabletask.BourneShellScript$ShellController.<init>(BourneShellScript.java:161)
	at org.jenkinsci.plugins.durabletask.BourneShellScript.launchWithCookie(BourneShellScript.java:90)
	at org.jenkinsci.plugins.durabletask.FileMonitoringTask.launch(FileMonitoringTask.java:63)
	at org.jenkinsci.plugins.workflow.steps.durable_task.DurableTaskStep$Execution.start(DurableTaskStep.java:172)
	at org.jenkinsci.plugins.workflow.cps.DSL.invokeStep(DSL.java:184)
	at org.jenkinsci.plugins.workflow.cps.DSL.invokeMethod(DSL.java:126)
	at org.jenkinsci.plugins.workflow.cps.CpsScript.invokeMethod(CpsScript.java:108)
	at groovy.lang.GroovyObject$invokeMethod$3194.call(Unknown Source)
	at org.codehaus.groovy.runtime.callsite.CallSiteArray.defaultCall(CallSiteArray.java:48)
	at org.codehaus.groovy.runtime.callsite.AbstractCallSite.call(AbstractCallSite.java:113)
	at org.kohsuke.groovy.sandbox.impl.Checker$1.call(Checker.java:151)
	at org.kohsuke.groovy.sandbox.GroovyInterceptor.onMethodCall(GroovyInterceptor.java:21)
	at org.jenkinsci.plugins.scriptsecurity.sandbox.groovy.SandboxInterceptor.onMethodCall(SandboxInterceptor.java:115)
	at org.jenkinsci.plugins.scriptsecurity.sandbox.groovy.SandboxInterceptor.onMethodCall(SandboxInterceptor.java:103)
	at org.kohsuke.groovy.sandbox.impl.Checker$1.call(Checker.java:149)
	at org.kohsuke.groovy.sandbox.impl.Checker.checkedCall(Checker.java:146)
	at com.cloudbees.groovy.cps.sandbox.SandboxInvoker.methodCall(SandboxInvoker.java:16)
	at MailNotifier.notifyStatus(Script3.groovy:3501)
	at MailNotifier.notifyStatus(Script3.groovy:3521)
	at ___cps.transform___(Native Method)
	at com.cloudbees.groovy.cps.impl.ContinuationGroup.methodCall(ContinuationGroup.java:57)
	at com.cloudbees.groovy.cps.impl.FunctionCallBlock$ContinuationImpl.dispatchOrArg(FunctionCallBlock.java:109)
	at com.cloudbees.groovy.cps.impl.FunctionCallBlock$ContinuationImpl.fixArg(FunctionCallBlock.java:82)
	at sun.reflect.GeneratedMethodAccessor481.invoke(Unknown Source)
	at sun.reflect.DelegatingMethodAccessorImpl.invoke(DelegatingMethodAccessorImpl.java:43)
	at java.lang.reflect.Method.invoke(Method.java:498)
	at com.cloudbees.groovy.cps.impl.ContinuationPtr$ContinuationImpl.receive(ContinuationPtr.java:72)
	at com.cloudbees.groovy.cps.impl.LocalVariableBlock$LocalVariable.get(LocalVariableBlock.java:39)
	at com.cloudbees.groovy.cps.LValueBlock$GetAdapter.receive(LValueBlock.java:30)
	at com.cloudbees.groovy.cps.impl.LocalVariableBlock.evalLValue(LocalVariableBlock.java:28)
	at com.cloudbees.groovy.cps.LValueBlock$BlockImpl.eval(LValueBlock.java:55)
	at com.cloudbees.groovy.cps.LValueBlock.eval(LValueBlock.java:16)
	at com.cloudbees.groovy.cps.Next.step(Next.java:74)
	at com.cloudbees.groovy.cps.Continuable.run0(Continuable.java:154)
	at org.jenkinsci.plugins.workflow.cps.SandboxContinuable.access$001(SandboxContinuable.java:18)
	at org.jenkinsci.plugins.workflow.cps.SandboxContinuable$1.call(SandboxContinuable.java:33)
	at org.jenkinsci.plugins.workflow.cps.SandboxContinuable$1.call(SandboxContinuable.java:30)
	at org.jenkinsci.plugins.scriptsecurity.sandbox.groovy.GroovySandbox.runInSandbox(GroovySandbox.java:108)
	at org.jenkinsci.plugins.workflow.cps.SandboxContinuable.run0(SandboxContinuable.java:30)
	at org.jenkinsci.plugins.workflow.cps.CpsThread.runNextChunk(CpsThread.java:163)
	at org.jenkinsci.plugins.workflow.cps.CpsThreadGroup.run(CpsThreadGroup.java:328)
	at org.jenkinsci.plugins.workflow.cps.CpsThreadGroup.access$100(CpsThreadGroup.java:80)
	at org.jenkinsci.plugins.workflow.cps.CpsThreadGroup$2.call(CpsThreadGroup.java:240)
	at org.jenkinsci.plugins.workflow.cps.CpsThreadGroup$2.call(CpsThreadGroup.java:228)
	at org.jenkinsci.plugins.workflow.cps.CpsVmExecutorService$2.call(CpsVmExecutorService.java:63)
	at java.util.concurrent.FutureTask.run(FutureTask.java:266)
	at hudson.remoting.SingleLaneExecutorService$1.run(SingleLaneExecutorService.java:112)
	at jenkins.util.ContextResettingExecutorService$1.run(ContextResettingExecutorService.java:28)
	at java.util.concurrent.Executors$RunnableAdapter.call(Executors.java:511)
	at java.util.concurrent.FutureTask.run(FutureTask.java:266)
	at java.util.concurrent.ThreadPoolExecutor.runWorker(ThreadPoolExecutor.java:1142)
	at java.util.concurrent.ThreadPoolExecutor$Worker.run(ThreadPoolExecutor.java:617)
	at java.lang.Thread.run(Thread.java:745)
Caused by: hudson.remoting.ChannelClosedException: channel is already closed
	at hudson.remoting.Channel.send(Channel.java:604)
	at hudson.remoting.Request.call(Request.java:130)
	at hudson.remoting.Channel.call(Channel.java:821)
	at hudson.FilePath.act(FilePath.java:985)
	at hudson.FilePath.act(FilePath.java:974)
	at hudson.FilePath.mkdirs(FilePath.java:1157)
	at org.jenkinsci.plugins.durabletask.FileMonitoringTask$FileMonitoringController.<init>(FileMonitoringTask.java:112)
	at org.jenkinsci.plugins.durabletask.BourneShellScript$ShellController.<init>(BourneShellScript.java:167)
	at org.jenkinsci.plugins.durabletask.BourneShellScript$ShellController.<init>(BourneShellScript.java:161)
	at org.jenkinsci.plugins.durabletask.BourneShellScript.launchWithCookie(BourneShellScript.java:90)
	at org.jenkinsci.plugins.durabletask.FileMonitoringTask.launch(FileMonitoringTask.java:63)
	at org.jenkinsci.plugins.workflow.steps.durable_task.DurableTaskStep$Execution.start(DurableTaskStep.java:172)
	at org.jenkinsci.plugins.workflow.cps.DSL.invokeStep(DSL.java:184)
	at org.jenkinsci.plugins.workflow.cps.DSL.invokeMethod(DSL.java:126)
	at org.jenkinsci.plugins.workflow.cps.CpsScript.invokeMethod(CpsScript.java:108)
	at groovy.lang.GroovyObject$invokeMethod$3194.call(Unknown Source)
	at org.codehaus.groovy.runtime.callsite.CallSiteArray.defaultCall(CallSiteArray.java:48)
	at org.codehaus.groovy.runtime.callsite.AbstractCallSite.call(AbstractCallSite.java:113)
	at org.kohsuke.groovy.sandbox.impl.Checker$1.call(Checker.java:151)
	at org.kohsuke.groovy.sandbox.GroovyInterceptor.onMethodCall(GroovyInterceptor.java:21)
	at org.jenkinsci.plugins.scriptsecurity.sandbox.groovy.SandboxInterceptor.onMethodCall(SandboxInterceptor.java:115)
	at org.jenkinsci.plugins.scriptsecurity.sandbox.groovy.SandboxInterceptor.onMethodCall(SandboxInterceptor.java:103)
	at org.kohsuke.groovy.sandbox.impl.Checker$1.call(Checker.java:149)
	at org.kohsuke.groovy.sandbox.impl.Checker.checkedCall(Checker.java:146)
	at com.cloudbees.groovy.cps.sandbox.SandboxInvoker.methodCall(SandboxInvoker.java:16)
	... 33 more
Caused by: java.io.IOException: Unexpected termination of the channel
	at hudson.remoting.SynchronousCommandTransport$ReaderThread.run(SynchronousCommandTransport.java:73)
Caused by: java.io.EOFException
	at java.io.ObjectInputStream$PeekInputStream.readFully(ObjectInputStream.java:2624)
	at java.io.ObjectInputStream$BlockDataInputStream.readShort(ObjectInputStream.java:3099)
	at java.io.ObjectInputStream.readStreamHeader(ObjectInputStream.java:853)
	at java.io.ObjectInputStream.<init>(ObjectInputStream.java:349)
	at hudson.remoting.ObjectInputStreamEx.<init>(ObjectInputStreamEx.java:48)
	at hudson.remoting.AbstractSynchronousByteArrayCommandTransport.read(AbstractSynchronousByteArrayCommandTransport.java:34)
	at hudson.remoting.SynchronousCommandTransport$ReaderThread.run(SynchronousCommandTransport.java:59)
Finished: FAILURE
